Namespace(mean_timestep=100, n_episodes=1000, n_eval_episodes=1000, n_trials=50)
[I 2025-05-22 12:13:53,628] A new study created in memory with name: no-name-0ef244e6-6b34-4a6a-80b0-9ba0443778d2
/opt/miniconda3/envs/mldl_m4/lib/python3.8/site-packages/stable_baselines3/common/evaluation.py:67: UserWarning: Evaluation environment is not wrapped with a ``Monitor`` wrapper. This may result in reporting modified episode lengths and rewards, if other wrappers happen to modify these. Consider wrapping environment first with ``Monitor`` wrapper.
  warnings.warn(
[I 2025-05-22 12:26:06,969] Trial 3 finished with value: 217.25251941943168 and parameters: {'clip_range': 0.020439759511887923}. Best is trial 3 with value: 217.25251941943168.
[I 2025-05-22 12:26:09,489] Trial 2 finished with value: 231.77541873508693 and parameters: {'clip_range': 0.0169938104286602}. Best is trial 2 with value: 231.77541873508693.
[I 2025-05-22 12:26:46,474] Trial 0 finished with value: 322.02551146757605 and parameters: {'clip_range': 0.027823777863287335}. Best is trial 0 with value: 322.02551146757605.
[I 2025-05-22 12:26:58,013] Trial 1 finished with value: 349.50714545357226 and parameters: {'clip_range': 0.039239057952528376}. Best is trial 1 with value: 349.50714545357226.
[I 2025-05-22 12:34:52,502] Trial 5 finished with value: 261.85325343859193 and parameters: {'clip_range': 0.021204241580163753}. Best is trial 1 with value: 349.50714545357226.
[I 2025-05-22 12:35:08,971] Trial 6 finished with value: 228.286999299407 and parameters: {'clip_range': 0.022751059967016252}. Best is trial 1 with value: 349.50714545357226.
[I 2025-05-22 12:35:24,490] Trial 4 finished with value: 322.80274321210385 and parameters: {'clip_range': 0.03201700306931957}. Best is trial 1 with value: 349.50714545357226.
[I 2025-05-22 12:36:55,181] Trial 7 finished with value: 676.9026194649934 and parameters: {'clip_range': 0.20955512753608108}. Best is trial 7 with value: 676.9026194649934.
[I 2025-05-22 12:43:13,089] Trial 9 finished with value: 233.1013014372587 and parameters: {'clip_range': 0.015086079407152035}. Best is trial 7 with value: 676.9026194649934.
[I 2025-05-22 12:44:06,884] Trial 8 finished with value: 550.9854277240038 and parameters: {'clip_range': 0.1827167837324849}. Best is trial 7 with value: 676.9026194649934.
[I 2025-05-22 12:44:13,066] Trial 10 finished with value: 361.23318253481386 and parameters: {'clip_range': 0.051974678663251325}. Best is trial 7 with value: 676.9026194649934.
[I 2025-05-22 12:45:46,245] Trial 11 finished with value: 400.56548793280126 and parameters: {'clip_range': 0.07711019260544182}. Best is trial 7 with value: 676.9026194649934.
[I 2025-05-22 12:51:17,784] Trial 12 finished with value: 226.52533905047179 and parameters: {'clip_range': 0.013699347235853691}. Best is trial 7 with value: 676.9026194649934.
[I 2025-05-22 12:53:42,752] Trial 13 finished with value: 595.8477218364477 and parameters: {'clip_range': 0.29953784354231444}. Best is trial 7 with value: 676.9026194649934.
[I 2025-05-22 12:56:01,568] Trial 14 finished with value: 997.3368248963357 and parameters: {'clip_range': 0.22169196749587702}. Best is trial 14 with value: 997.3368248963357.
[I 2025-05-22 12:57:16,934] Trial 15 finished with value: 980.9914685014486 and parameters: {'clip_range': 0.25023702659867725}. Best is trial 14 with value: 997.3368248963357.
[I 2025-05-22 13:01:08,272] Trial 16 finished with value: 537.1231198762655 and parameters: {'clip_range': 0.2483687451864636}. Best is trial 14 with value: 997.3368248963357.
[I 2025-05-22 13:04:37,250] Trial 17 finished with value: 877.6900104111432 and parameters: {'clip_range': 0.26317463749171244}. Best is trial 14 with value: 997.3368248963357.
[I 2025-05-22 13:07:00,346] Trial 19 finished with value: 579.0184982641936 and parameters: {'clip_range': 0.10611016238380992}. Best is trial 14 with value: 997.3368248963357.
[I 2025-05-22 13:10:40,672] Trial 18 finished with value: 1450.928905664444 and parameters: {'clip_range': 0.11258122567530965}. Best is trial 18 with value: 1450.928905664444.
[I 2025-05-22 13:11:09,298] Trial 20 finished with value: 482.361119020462 and parameters: {'clip_range': 0.12081417442275959}. Best is trial 18 with value: 1450.928905664444.
[I 2025-05-22 13:15:08,634] Trial 21 finished with value: 589.8535003635883 and parameters: {'clip_range': 0.1216293304917108}. Best is trial 18 with value: 1450.928905664444.
[I 2025-05-22 13:20:46,159] Trial 22 finished with value: 1225.7102702116965 and parameters: {'clip_range': 0.137765369644359}. Best is trial 18 with value: 1450.928905664444.
[I 2025-05-22 13:27:03,732] Trial 23 finished with value: 1127.5179230450392 and parameters: {'clip_range': 0.15147964622020701}. Best is trial 18 with value: 1450.928905664444.
[I 2025-05-22 13:27:30,054] Trial 24 finished with value: 1167.4160965379476 and parameters: {'clip_range': 0.15512017027673541}. Best is trial 18 with value: 1450.928905664444.
[I 2025-05-22 13:31:50,147] Trial 25 finished with value: 1180.0904943680764 and parameters: {'clip_range': 0.16115314322311833}. Best is trial 18 with value: 1450.928905664444.
[I 2025-05-22 13:33:30,044] Trial 26 finished with value: 902.7704656492472 and parameters: {'clip_range': 0.1639864508329068}. Best is trial 18 with value: 1450.928905664444.
[I 2025-05-22 13:36:38,016] Trial 27 finished with value: 319.9017354230881 and parameters: {'clip_range': 0.1497775428616692}. Best is trial 18 with value: 1450.928905664444.
[I 2025-05-22 13:38:11,832] Trial 28 finished with value: 644.7609727463722 and parameters: {'clip_range': 0.07773385260868969}. Best is trial 18 with value: 1450.928905664444.
[I 2025-05-22 13:42:09,976] Trial 29 finished with value: 676.8097444865704 and parameters: {'clip_range': 0.0824672175749026}. Best is trial 18 with value: 1450.928905664444.
[I 2025-05-22 13:42:51,423] Trial 30 finished with value: 431.39196838533877 and parameters: {'clip_range': 0.0792881372375965}. Best is trial 18 with value: 1450.928905664444.
[I 2025-05-22 13:48:46,661] Trial 32 finished with value: 673.2317145687342 and parameters: {'clip_range': 0.08761236898705482}. Best is trial 18 with value: 1450.928905664444.
[I 2025-05-22 13:50:01,346] Trial 31 finished with value: 1263.6257794907092 and parameters: {'clip_range': 0.07646947615562437}. Best is trial 18 with value: 1450.928905664444.
[I 2025-05-22 13:52:28,815] Trial 34 finished with value: 295.81311476516726 and parameters: {'clip_range': 0.10474922849017378}. Best is trial 18 with value: 1450.928905664444.
[I 2025-05-22 13:53:35,648] Trial 33 finished with value: 783.1088646268845 and parameters: {'clip_range': 0.09526779702010107}. Best is trial 18 with value: 1450.928905664444.
[I 2025-05-22 13:59:00,495] Trial 35 finished with value: 665.9521041895151 and parameters: {'clip_range': 0.10623284172795641}. Best is trial 18 with value: 1450.928905664444.
[I 2025-05-22 13:59:25,057] Trial 36 finished with value: 413.96860727334024 and parameters: {'clip_range': 0.05872485231739828}. Best is trial 18 with value: 1450.928905664444.
[I 2025-05-22 14:01:28,891] Trial 37 finished with value: 393.67829703307154 and parameters: {'clip_range': 0.05972274341412724}. Best is trial 18 with value: 1450.928905664444.
[I 2025-05-22 14:02:46,619] Trial 38 finished with value: 437.325633374095 and parameters: {'clip_range': 0.057125956602434025}. Best is trial 18 with value: 1450.928905664444.
[I 2025-05-22 14:07:40,666] Trial 40 finished with value: 227.9438182707429 and parameters: {'clip_range': 0.010128711614381662}. Best is trial 18 with value: 1450.928905664444.
[I 2025-05-22 14:07:53,735] Trial 39 finished with value: 406.7024021199942 and parameters: {'clip_range': 0.05794126669773617}. Best is trial 18 with value: 1450.928905664444.
[I 2025-05-22 14:10:06,598] Trial 41 finished with value: 322.98721423757075 and parameters: {'clip_range': 0.03737805638732813}. Best is trial 18 with value: 1450.928905664444.
[I 2025-05-22 14:11:32,279] Trial 42 finished with value: 329.94262935066223 and parameters: {'clip_range': 0.04025546494245226}. Best is trial 18 with value: 1450.928905664444.
[I 2025-05-22 14:19:13,345] Trial 43 finished with value: 580.5110168164969 and parameters: {'clip_range': 0.1279854815744468}. Best is trial 18 with value: 1450.928905664444.
[I 2025-05-22 14:22:34,814] Trial 45 finished with value: 688.2442734063864 and parameters: {'clip_range': 0.1311586127452356}. Best is trial 18 with value: 1450.928905664444.
[I 2025-05-22 14:22:34,965] Trial 46 finished with value: 433.3500918617249 and parameters: {'clip_range': 0.13111180710480863}. Best is trial 18 with value: 1450.928905664444.
[I 2025-05-22 14:23:37,958] Trial 44 finished with value: 1362.1655217854977 and parameters: {'clip_range': 0.1331121381012898}. Best is trial 18 with value: 1450.928905664444.
[I 2025-05-22 14:27:57,296] Trial 47 finished with value: 626.4821384477019 and parameters: {'clip_range': 0.17728679149762663}. Best is trial 18 with value: 1450.928905664444.
[I 2025-05-22 14:30:04,565] Trial 48 finished with value: 745.1584503760338 and parameters: {'clip_range': 0.18558529847079214}. Best is trial 18 with value: 1450.928905664444.
[I 2025-05-22 14:30:56,204] Trial 49 finished with value: 1280.1858032010794 and parameters: {'clip_range': 0.20066504715027295}. Best is trial 18 with value: 1450.928905664444.

Best clip range: 0.11258122567530965
Best reward: 1450.928905664444