Namespace(mean_timestep=100, n_episodes=1000, n_eval_episodes=1000, n_trials=50)
[I 2025-05-22 00:09:56,706] A new study created in memory with name: no-name-a55e9229-d9a2-41a3-aa09-af1610a03a99
/opt/miniconda3/envs/mldl_m4/lib/python3.8/site-packages/stable_baselines3/common/evaluation.py:67: UserWarning: Evaluation environment is not wrapped with a ``Monitor`` wrapper. This may result in reporting modified episode lengths and rewards, if other wrappers happen to modify these. Consider wrapping environment first with ``Monitor`` wrapper.
  warnings.warn(
[I 2025-05-22 00:17:41,362] Trial 1 finished with value: 228.42946725523473 and parameters: {'clip_range': 0.029067528233194192}. Best is trial 1 with value: 228.42946725523473.
[I 2025-05-22 00:18:16,468] Trial 0 finished with value: 318.07283002007006 and parameters: {'clip_range': 0.03537049793804295}. Best is trial 0 with value: 318.07283002007006.
[I 2025-05-22 00:18:31,275] Trial 3 finished with value: 413.0006740623713 and parameters: {'clip_range': 0.06661572761353667}. Best is trial 3 with value: 413.0006740623713.
[I 2025-05-22 00:22:16,711] Trial 2 finished with value: 1319.1732264906168 and parameters: {'clip_range': 0.219204216258128}. Best is trial 2 with value: 1319.1732264906168.
[I 2025-05-22 00:26:45,347] Trial 5 finished with value: 247.47334380042554 and parameters: {'clip_range': 0.017616884522885175}. Best is trial 2 with value: 1319.1732264906168.
[I 2025-05-22 00:26:59,347] Trial 4 finished with value: 396.55756146883965 and parameters: {'clip_range': 0.20980666887352503}. Best is trial 2 with value: 1319.1732264906168.
[I 2025-05-22 00:28:18,928] Trial 6 finished with value: 639.4024040747881 and parameters: {'clip_range': 0.05841692796014328}. Best is trial 2 with value: 1319.1732264906168.
[I 2025-05-22 00:32:00,100] Trial 7 finished with value: 637.9392734884024 and parameters: {'clip_range': 0.26337430069922163}. Best is trial 2 with value: 1319.1732264906168.
[I 2025-05-22 00:37:02,926] Trial 10 finished with value: 251.34807847583295 and parameters: {'clip_range': 0.01733030018137248}. Best is trial 2 with value: 1319.1732264906168.
[I 2025-05-22 00:37:50,680] Trial 9 finished with value: 722.6672976676226 and parameters: {'clip_range': 0.09070822438196854}. Best is trial 2 with value: 1319.1732264906168.
[I 2025-05-22 00:40:16,219] Trial 8 finished with value: 1279.44839684093 and parameters: {'clip_range': 0.2187580832158736}. Best is trial 2 with value: 1319.1732264906168.
[I 2025-05-22 00:41:32,802] Trial 11 finished with value: 381.82457085728646 and parameters: {'clip_range': 0.06104793479700867}. Best is trial 2 with value: 1319.1732264906168.
[I 2025-05-22 00:45:55,594] Trial 12 finished with value: 443.2546652672291 and parameters: {'clip_range': 0.19877310810593588}. Best is trial 2 with value: 1319.1732264906168.
[I 2025-05-22 00:48:08,261] Trial 13 finished with value: 741.6144762004614 and parameters: {'clip_range': 0.1380757127957112}. Best is trial 2 with value: 1319.1732264906168.
[I 2025-05-22 00:49:31,228] Trial 14 finished with value: 554.5042097265721 and parameters: {'clip_range': 0.1435074459442904}. Best is trial 2 with value: 1319.1732264906168.
[I 2025-05-22 00:55:39,800] Trial 15 finished with value: 1307.2228188068866 and parameters: {'clip_range': 0.14199993377429612}. Best is trial 2 with value: 1319.1732264906168.
[I 2025-05-22 00:57:37,338] Trial 16 finished with value: 945.071744212389 and parameters: {'clip_range': 0.12960396768402618}. Best is trial 2 with value: 1319.1732264906168.
[I 2025-05-22 00:59:17,194] Trial 17 finished with value: 785.007872153759 and parameters: {'clip_range': 0.12973024375121012}. Best is trial 2 with value: 1319.1732264906168.
[I 2025-05-22 01:02:26,010] Trial 18 finished with value: 1003.9455482383967 and parameters: {'clip_range': 0.2887217427367049}. Best is trial 2 with value: 1319.1732264906168.
[I 2025-05-22 01:05:49,513] Trial 19 finished with value: 560.1370777828694 and parameters: {'clip_range': 0.12615207566359485}. Best is trial 2 with value: 1319.1732264906168.
[I 2025-05-22 01:08:04,769] Trial 20 finished with value: 740.0588218655586 and parameters: {'clip_range': 0.09808915965272828}. Best is trial 2 with value: 1319.1732264906168.
[I 2025-05-22 01:09:28,815] Trial 21 finished with value: 667.3326650521756 and parameters: {'clip_range': 0.08340540981416233}. Best is trial 2 with value: 1319.1732264906168.
[I 2025-05-22 08:56:57,644] Trial 22 finished with value: 289.1857526652813 and parameters: {'clip_range': 0.09540103882477886}. Best is trial 2 with value: 1319.1732264906168.
[I 2025-05-22 09:00:43,839] Trial 23 finished with value: 523.6854217705727 and parameters: {'clip_range': 0.08956350574799175}. Best is trial 2 with value: 1319.1732264906168.
[I 2025-05-22 09:08:19,795] Trial 25 finished with value: 1112.3706545443536 and parameters: {'clip_range': 0.1934584783494402}. Best is trial 2 with value: 1319.1732264906168.
[I 2025-05-22 09:08:47,908] Trial 24 finished with value: 1083.45211863935 and parameters: {'clip_range': 0.17079411933941047}. Best is trial 2 with value: 1319.1732264906168.
[I 2025-05-22 09:09:53,008] Trial 26 finished with value: 1032.8208750602007 and parameters: {'clip_range': 0.1954441980972254}. Best is trial 2 with value: 1319.1732264906168.
[I 2025-05-22 09:16:34,370] Trial 27 finished with value: 1284.0585951868295 and parameters: {'clip_range': 0.20979203310738762}. Best is trial 2 with value: 1319.1732264906168.
[I 2025-05-22 09:18:32,559] Trial 28 finished with value: 420.5850608580112 and parameters: {'clip_range': 0.18349253046521116}. Best is trial 2 with value: 1319.1732264906168.
[I 2025-05-22 09:21:04,201] Trial 30 finished with value: 647.7148416675329 and parameters: {'clip_range': 0.25210999810007334}. Best is trial 2 with value: 1319.1732264906168.
[I 2025-05-22 09:23:55,604] Trial 29 finished with value: 1292.927637996912 and parameters: {'clip_range': 0.2662762673865877}. Best is trial 2 with value: 1319.1732264906168.
[I 2025-05-22 09:26:06,967] Trial 31 finished with value: 317.7737912122011 and parameters: {'clip_range': 0.03913215470047822}. Best is trial 2 with value: 1319.1732264906168.
[I 2025-05-22 09:27:43,427] Trial 32 finished with value: 320.4330877765417 and parameters: {'clip_range': 0.03978018897289873}. Best is trial 2 with value: 1319.1732264906168.
[I 2025-05-22 09:29:49,766] Trial 33 finished with value: 320.0261360723972 and parameters: {'clip_range': 0.032243252501266174}. Best is trial 2 with value: 1319.1732264906168.
[I 2025-05-22 09:33:04,801] Trial 34 finished with value: 581.6101513874531 and parameters: {'clip_range': 0.29517443723073855}. Best is trial 2 with value: 1319.1732264906168.
[I 2025-05-22 09:35:23,132] Trial 35 finished with value: 528.8795565525294 and parameters: {'clip_range': 0.28007723162798775}. Best is trial 2 with value: 1319.1732264906168.
[I 2025-05-22 09:38:12,588] Trial 36 finished with value: 697.6816452450752 and parameters: {'clip_range': 0.2708647933271724}. Best is trial 2 with value: 1319.1732264906168.
[I 2025-05-22 09:39:45,006] Trial 37 finished with value: 603.2785558071137 and parameters: {'clip_range': 0.29814891488624096}. Best is trial 2 with value: 1319.1732264906168.
[I 2025-05-22 09:47:46,102] Trial 38 finished with value: 1009.9045820658207 and parameters: {'clip_range': 0.1599115199667382}. Best is trial 2 with value: 1319.1732264906168.
[I 2025-05-22 09:48:45,542] Trial 40 finished with value: 553.4895355267524 and parameters: {'clip_range': 0.22555493476851565}. Best is trial 2 with value: 1319.1732264906168.
[I 2025-05-22 09:50:54,029] Trial 41 finished with value: 555.5472966091633 and parameters: {'clip_range': 0.1595526985013875}. Best is trial 2 with value: 1319.1732264906168.
[I 2025-05-22 09:51:13,039] Trial 39 finished with value: 1227.552498853445 and parameters: {'clip_range': 0.1600644351372526}. Best is trial 2 with value: 1319.1732264906168.
[I 2025-05-22 09:56:59,439] Trial 43 finished with value: 238.17507942861317 and parameters: {'clip_range': 0.01261149387668652}. Best is trial 2 with value: 1319.1732264906168.
[I 2025-05-22 09:59:05,747] Trial 44 finished with value: 222.76206294232608 and parameters: {'clip_range': 0.010709222859189996}. Best is trial 2 with value: 1319.1732264906168.
[I 2025-05-22 10:00:43,785] Trial 45 finished with value: 570.4824910983443 and parameters: {'clip_range': 0.22833738874769147}. Best is trial 2 with value: 1319.1732264906168.
[I 2025-05-22 10:02:24,477] Trial 42 finished with value: 1145.1308170742989 and parameters: {'clip_range': 0.11018885526717723}. Best is trial 2 with value: 1319.1732264906168.
[I 2025-05-22 10:07:16,614] Trial 46 finished with value: 566.7172633785009 and parameters: {'clip_range': 0.2340105341626937}. Best is trial 2 with value: 1319.1732264906168.
[I 2025-05-22 10:10:28,481] Trial 48 finished with value: 735.6786877995133 and parameters: {'clip_range': 0.23389330911828402}. Best is trial 2 with value: 1319.1732264906168.
[I 2025-05-22 10:11:25,744] Trial 49 finished with value: 521.5360513694883 and parameters: {'clip_range': 0.23243015449012674}. Best is trial 2 with value: 1319.1732264906168.
[I 2025-05-22 10:11:37,077] Trial 47 finished with value: 1282.8821080870628 and parameters: {'clip_range': 0.21563162792282242}. Best is trial 2 with value: 1319.1732264906168.

Best clip range: 0.219204216258128
Best reward: 1319.1732264906168